Arguments: 
  /Users/wirthjan/n/bin/node /Users/wirthjan/.yarn/bin/yarn.js add lodash/fp ava

PATH: 
  /Users/wirthjan/.yarn/bin:/Users/wirthjan/bin:/usr/local/bin:/Users/wirthjan/n/bin:/usr/local/bin:/usr/bin:/bin:/usr/sbin:/sbin:/Users/wirthjan/kakoune/src/:/usr/local/lib/go_projects

Yarn version: 
  0.21.3

Node version: 
  6.10.2

Platform: 
  darwin x64

npm manifest: 
  {
    "name": "lodash-fp-challenge",
    "version": "1.0.0",
    "description": "",
    "main": "index.js",
    "scripts": {
      "test": "echo \"Error: no test specified\" && exit 1"
    },
    "repository": {
      "type": "git",
      "url": "git+https://github.com/FranzSkuffka/lodash-fp-challenge.git"
    },
    "author": "",
    "license": "ISC",
    "bugs": {
      "url": "https://github.com/FranzSkuffka/lodash-fp-challenge/issues"
    },
    "homepage": "https://github.com/FranzSkuffka/lodash-fp-challenge#readme"
  }

yarn manifest: 
  No manifest

Lockfile: 
  No lockfile

Trace: 
  Error: Error connecting to repository. Please, check the url.
      at /Users/wirthjan/.yarn/lib/resolvers/exotics/hosted-git-resolver.js:162:15
      at next (native)
      at step (/Users/wirthjan/.yarn/node_modules/babel-runtime/helpers/asyncToGenerator.js:17:30)
      at /Users/wirthjan/.yarn/node_modules/babel-runtime/helpers/asyncToGenerator.js:28:13
      at process._tickCallback (internal/process/next_tick.js:109:7)
